{"level":"info","message":"App listening on url: http://localhost:8080","timestamp":"2022-12-24T14:33:54.939Z"}
{"level":"info","message":"Mongo Db connected.....","timestamp":"2022-12-24T14:33:54.951Z"}
{"level":"info","message":"App listening on url: http://localhost:8080","timestamp":"2022-12-24T15:13:45.771Z"}
{"level":"info","message":"Mongo Db connected.....","timestamp":"2022-12-24T15:13:45.784Z"}
{"level":"info","message":"App listening on url: http://localhost:8080","timestamp":"2022-12-24T15:13:53.571Z"}
{"level":"info","message":"Mongo Db connected.....","timestamp":"2022-12-24T15:13:53.585Z"}
{"level":"info","message":"App listening on url: http://localhost:8080","timestamp":"2022-12-24T15:14:32.984Z"}
{"level":"info","message":"Mongo Db connected.....","timestamp":"2022-12-24T15:14:32.997Z"}
{"level":"info","message":"App listening on url: http://localhost:8080","timestamp":"2022-12-24T15:31:43.887Z"}
{"level":"info","message":"Mongo Db connected.....","timestamp":"2022-12-24T15:31:43.902Z"}
{"message":"Joi.validate is not a function","stack":"TypeError: Joi.validate is not a function\n    at validateUser (E:\\projects\\grupOdev\\server\\models\\user.js:38:16)\n    at addUser (E:\\projects\\grupOdev\\server\\controllers\\userController.js:6:23)\n    at Layer.handle [as handle_request] (E:\\projects\\grupOdev\\server\\node_modules\\express\\lib\\router\\layer.js:95:5)\n    at next (E:\\projects\\grupOdev\\server\\node_modules\\express\\lib\\router\\route.js:144:13)\n    at Route.dispatch (E:\\projects\\grupOdev\\server\\node_modules\\express\\lib\\router\\route.js:114:3)\n    at Layer.handle [as handle_request] (E:\\projects\\grupOdev\\server\\node_modules\\express\\lib\\router\\layer.js:95:5)\n    at E:\\projects\\grupOdev\\server\\node_modules\\express\\lib\\router\\index.js:284:15\n    at Function.process_params (E:\\projects\\grupOdev\\server\\node_modules\\express\\lib\\router\\index.js:346:12)\n    at next (E:\\projects\\grupOdev\\server\\node_modules\\express\\lib\\router\\index.js:280:10)\n    at Function.handle (E:\\projects\\grupOdev\\server\\node_modules\\express\\lib\\router\\index.js:175:3)","level":"error","timestamp":"2022-12-24T15:36:50.990Z"}
{"level":"info","message":"App listening on url: http://localhost:8080","timestamp":"2022-12-24T15:39:17.453Z"}
{"level":"info","message":"Mongo Db connected.....","timestamp":"2022-12-24T15:39:17.468Z"}
{"message":"userSchema.validate is not a function","stack":"TypeError: userSchema.validate is not a function\n    at validateUser (E:\\projects\\grupOdev\\server\\models\\user.js:38:23)\n    at addUser (E:\\projects\\grupOdev\\server\\controllers\\userController.js:6:23)\n    at Layer.handle [as handle_request] (E:\\projects\\grupOdev\\server\\node_modules\\express\\lib\\router\\layer.js:95:5)\n    at next (E:\\projects\\grupOdev\\server\\node_modules\\express\\lib\\router\\route.js:144:13)\n    at Route.dispatch (E:\\projects\\grupOdev\\server\\node_modules\\express\\lib\\router\\route.js:114:3)\n    at Layer.handle [as handle_request] (E:\\projects\\grupOdev\\server\\node_modules\\express\\lib\\router\\layer.js:95:5)\n    at E:\\projects\\grupOdev\\server\\node_modules\\express\\lib\\router\\index.js:284:15\n    at Function.process_params (E:\\projects\\grupOdev\\server\\node_modules\\express\\lib\\router\\index.js:346:12)\n    at next (E:\\projects\\grupOdev\\server\\node_modules\\express\\lib\\router\\index.js:280:10)\n    at Function.handle (E:\\projects\\grupOdev\\server\\node_modules\\express\\lib\\router\\index.js:175:3)","level":"error","timestamp":"2022-12-24T15:39:21.542Z"}
{"level":"info","message":"App listening on url: http://localhost:8080","timestamp":"2022-12-24T15:40:31.414Z"}
{"level":"info","message":"Mongo Db connected.....","timestamp":"2022-12-24T15:40:31.428Z"}
{"message":"schema.validate is not a function","stack":"TypeError: schema.validate is not a function\n    at validateUser (E:\\projects\\grupOdev\\server\\models\\user.js:38:19)\n    at addUser (E:\\projects\\grupOdev\\server\\controllers\\userController.js:6:23)\n    at Layer.handle [as handle_request] (E:\\projects\\grupOdev\\server\\node_modules\\express\\lib\\router\\layer.js:95:5)\n    at next (E:\\projects\\grupOdev\\server\\node_modules\\express\\lib\\router\\route.js:144:13)\n    at Route.dispatch (E:\\projects\\grupOdev\\server\\node_modules\\express\\lib\\router\\route.js:114:3)\n    at Layer.handle [as handle_request] (E:\\projects\\grupOdev\\server\\node_modules\\express\\lib\\router\\layer.js:95:5)\n    at E:\\projects\\grupOdev\\server\\node_modules\\express\\lib\\router\\index.js:284:15\n    at Function.process_params (E:\\projects\\grupOdev\\server\\node_modules\\express\\lib\\router\\index.js:346:12)\n    at next (E:\\projects\\grupOdev\\server\\node_modules\\express\\lib\\router\\index.js:280:10)\n    at Function.handle (E:\\projects\\grupOdev\\server\\node_modules\\express\\lib\\router\\index.js:175:3)","level":"error","timestamp":"2022-12-24T15:40:38.127Z"}
{"level":"info","message":"App listening on url: http://localhost:8080","timestamp":"2022-12-24T15:41:15.385Z"}
{"level":"info","message":"Mongo Db connected.....","timestamp":"2022-12-24T15:41:15.401Z"}
{"message":"bcrypt.bash is not a function","stack":"TypeError: bcrypt.bash is not a function\n    at addUser (E:\\projects\\grupOdev\\server\\controllers\\userController.js:14:34)","level":"error","timestamp":"2022-12-24T15:41:18.575Z"}
{"level":"info","message":"App listening on url: http://localhost:8080","timestamp":"2022-12-24T15:41:54.170Z"}
{"level":"info","message":"Mongo Db connected.....","timestamp":"2022-12-24T15:41:54.184Z"}
{"level":"info","message":"App listening on url: http://localhost:8080","timestamp":"2022-12-24T15:45:50.209Z"}
{"level":"info","message":"Mongo Db connected.....","timestamp":"2022-12-24T15:45:50.223Z"}
{"message":"req is not defined","stack":"ReferenceError: req is not defined\n    at validate (E:\\projects\\grupOdev\\server\\controllers\\authController.js:25:18)\n    at login (E:\\projects\\grupOdev\\server\\controllers\\authController.js:6:23)\n    at Layer.handle [as handle_request] (E:\\projects\\grupOdev\\server\\node_modules\\express\\lib\\router\\layer.js:95:5)\n    at next (E:\\projects\\grupOdev\\server\\node_modules\\express\\lib\\router\\route.js:144:13)\n    at Route.dispatch (E:\\projects\\grupOdev\\server\\node_modules\\express\\lib\\router\\route.js:114:3)\n    at Layer.handle [as handle_request] (E:\\projects\\grupOdev\\server\\node_modules\\express\\lib\\router\\layer.js:95:5)\n    at E:\\projects\\grupOdev\\server\\node_modules\\express\\lib\\router\\index.js:284:15\n    at Function.process_params (E:\\projects\\grupOdev\\server\\node_modules\\express\\lib\\router\\index.js:346:12)\n    at next (E:\\projects\\grupOdev\\server\\node_modules\\express\\lib\\router\\index.js:280:10)\n    at Function.handle (E:\\projects\\grupOdev\\server\\node_modules\\express\\lib\\router\\index.js:175:3)","level":"error","timestamp":"2022-12-24T15:45:53.290Z"}
{"level":"info","message":"App listening on url: http://localhost:8080","timestamp":"2022-12-24T15:46:31.047Z"}
{"level":"info","message":"Mongo Db connected.....","timestamp":"2022-12-24T15:46:31.062Z"}
{"message":"Joi.validate is not a function","stack":"TypeError: Joi.validate is not a function\n    at validate (E:\\projects\\grupOdev\\server\\controllers\\authController.js:25:9)\n    at login (E:\\projects\\grupOdev\\server\\controllers\\authController.js:6:23)\n    at Layer.handle [as handle_request] (E:\\projects\\grupOdev\\server\\node_modules\\express\\lib\\router\\layer.js:95:5)\n    at next (E:\\projects\\grupOdev\\server\\node_modules\\express\\lib\\router\\route.js:144:13)\n    at Route.dispatch (E:\\projects\\grupOdev\\server\\node_modules\\express\\lib\\router\\route.js:114:3)\n    at Layer.handle [as handle_request] (E:\\projects\\grupOdev\\server\\node_modules\\express\\lib\\router\\layer.js:95:5)\n    at E:\\projects\\grupOdev\\server\\node_modules\\express\\lib\\router\\index.js:284:15\n    at Function.process_params (E:\\projects\\grupOdev\\server\\node_modules\\express\\lib\\router\\index.js:346:12)\n    at next (E:\\projects\\grupOdev\\server\\node_modules\\express\\lib\\router\\index.js:280:10)\n    at Function.handle (E:\\projects\\grupOdev\\server\\node_modules\\express\\lib\\router\\index.js:175:3)","level":"error","timestamp":"2022-12-24T15:46:34.998Z"}
{"level":"info","message":"App listening on url: http://localhost:8080","timestamp":"2022-12-24T15:48:44.630Z"}
{"level":"info","message":"Mongo Db connected.....","timestamp":"2022-12-24T15:48:44.646Z"}
{"message":"data and hash arguments required","stack":"Error: data and hash arguments required\n    at Object.compare (E:\\projects\\grupOdev\\server\\node_modules\\bcrypt\\bcrypt.js:208:17)\n    at E:\\projects\\grupOdev\\server\\node_modules\\bcrypt\\promises.js:29:12\n    at new Promise (<anonymous>)\n    at Object.module.exports.promise (E:\\projects\\grupOdev\\server\\node_modules\\bcrypt\\promises.js:20:12)\n    at Object.compare (E:\\projects\\grupOdev\\server\\node_modules\\bcrypt\\bcrypt.js:204:25)\n    at login (E:\\projects\\grupOdev\\server\\controllers\\authController.js:12:40)\n    at processTicksAndRejections (node:internal/process/task_queues:96:5)","level":"error","timestamp":"2022-12-24T15:48:48.141Z"}
{"level":"info","message":"App listening on url: http://localhost:8080","timestamp":"2022-12-24T15:49:38.706Z"}
{"level":"info","message":"Mongo Db connected.....","timestamp":"2022-12-24T15:49:38.720Z"}
{"message":"data and hash arguments required","stack":"Error: data and hash arguments required\n    at Object.compare (E:\\projects\\grupOdev\\server\\node_modules\\bcrypt\\bcrypt.js:208:17)\n    at E:\\projects\\grupOdev\\server\\node_modules\\bcrypt\\promises.js:29:12\n    at new Promise (<anonymous>)\n    at Object.module.exports.promise (E:\\projects\\grupOdev\\server\\node_modules\\bcrypt\\promises.js:20:12)\n    at Object.compare (E:\\projects\\grupOdev\\server\\node_modules\\bcrypt\\bcrypt.js:204:25)\n    at login (E:\\projects\\grupOdev\\server\\controllers\\authController.js:12:40)\n    at processTicksAndRejections (node:internal/process/task_queues:96:5)","level":"error","timestamp":"2022-12-24T15:49:41.133Z"}
{"level":"info","message":"App listening on url: http://localhost:8080","timestamp":"2022-12-24T15:51:45.887Z"}
{"level":"info","message":"Mongo Db connected.....","timestamp":"2022-12-24T15:51:45.901Z"}
{"message":"data and hash arguments required","stack":"Error: data and hash arguments required\n    at Object.compare (E:\\projects\\grupOdev\\server\\node_modules\\bcrypt\\bcrypt.js:208:17)\n    at E:\\projects\\grupOdev\\server\\node_modules\\bcrypt\\promises.js:29:12\n    at new Promise (<anonymous>)\n    at Object.module.exports.promise (E:\\projects\\grupOdev\\server\\node_modules\\bcrypt\\promises.js:20:12)\n    at Object.compare (E:\\projects\\grupOdev\\server\\node_modules\\bcrypt\\bcrypt.js:204:25)\n    at login (E:\\projects\\grupOdev\\server\\controllers\\authController.js:12:40)\n    at processTicksAndRejections (node:internal/process/task_queues:96:5)","level":"error","timestamp":"2022-12-24T15:51:54.214Z"}
{"level":"info","message":"App listening on url: http://localhost:8080","timestamp":"2022-12-24T15:52:18.673Z"}
{"level":"info","message":"Mongo Db connected.....","timestamp":"2022-12-24T15:52:18.687Z"}
{"message":"data and hash arguments required","stack":"Error: data and hash arguments required\n    at Object.compare (E:\\projects\\grupOdev\\server\\node_modules\\bcrypt\\bcrypt.js:208:17)\n    at E:\\projects\\grupOdev\\server\\node_modules\\bcrypt\\promises.js:29:12\n    at new Promise (<anonymous>)\n    at Object.module.exports.promise (E:\\projects\\grupOdev\\server\\node_modules\\bcrypt\\promises.js:20:12)\n    at Object.compare (E:\\projects\\grupOdev\\server\\node_modules\\bcrypt\\bcrypt.js:204:25)\n    at login (E:\\projects\\grupOdev\\server\\controllers\\authController.js:12:40)\n    at processTicksAndRejections (node:internal/process/task_queues:96:5)","level":"error","timestamp":"2022-12-24T15:52:27.796Z"}
{"level":"info","message":"App listening on url: http://localhost:8080","timestamp":"2022-12-24T15:53:18.297Z"}
{"level":"info","message":"Mongo Db connected.....","timestamp":"2022-12-24T15:53:18.311Z"}
{"message":"data and hash arguments required","stack":"Error: data and hash arguments required\n    at Object.compare (E:\\projects\\grupOdev\\server\\node_modules\\bcrypt\\bcrypt.js:208:17)\n    at E:\\projects\\grupOdev\\server\\node_modules\\bcrypt\\promises.js:29:12\n    at new Promise (<anonymous>)\n    at Object.module.exports.promise (E:\\projects\\grupOdev\\server\\node_modules\\bcrypt\\promises.js:20:12)\n    at Object.compare (E:\\projects\\grupOdev\\server\\node_modules\\bcrypt\\bcrypt.js:204:25)\n    at login (E:\\projects\\grupOdev\\server\\controllers\\authController.js:12:40)\n    at processTicksAndRejections (node:internal/process/task_queues:96:5)","level":"error","timestamp":"2022-12-24T15:53:23.478Z"}
{"level":"info","message":"App listening on url: http://localhost:8080","timestamp":"2022-12-24T15:54:18.662Z"}
{"level":"info","message":"Mongo Db connected.....","timestamp":"2022-12-24T15:54:18.677Z"}
{"message":"data and hash arguments required","stack":"Error: data and hash arguments required\n    at Object.compare (E:\\projects\\grupOdev\\server\\node_modules\\bcrypt\\bcrypt.js:208:17)\n    at E:\\projects\\grupOdev\\server\\node_modules\\bcrypt\\promises.js:29:12\n    at new Promise (<anonymous>)\n    at Object.module.exports.promise (E:\\projects\\grupOdev\\server\\node_modules\\bcrypt\\promises.js:20:12)\n    at Object.compare (E:\\projects\\grupOdev\\server\\node_modules\\bcrypt\\bcrypt.js:204:25)\n    at login (E:\\projects\\grupOdev\\server\\controllers\\authController.js:12:40)\n    at processTicksAndRejections (node:internal/process/task_queues:96:5)","level":"error","timestamp":"2022-12-24T15:55:48.800Z"}
{"level":"info","message":"App listening on url: http://localhost:8080","timestamp":"2022-12-24T16:04:54.213Z"}
{"level":"info","message":"Mongo Db connected.....","timestamp":"2022-12-24T16:04:54.228Z"}
{"message":"Cannot read properties of undefined (reading '0')","stack":"TypeError: Cannot read properties of undefined (reading '0')\n    at login (E:\\projects\\grupOdev\\server\\controllers\\authController.js:7:56)\n    at Layer.handle [as handle_request] (E:\\projects\\grupOdev\\server\\node_modules\\express\\lib\\router\\layer.js:95:5)\n    at next (E:\\projects\\grupOdev\\server\\node_modules\\express\\lib\\router\\route.js:144:13)\n    at Route.dispatch (E:\\projects\\grupOdev\\server\\node_modules\\express\\lib\\router\\route.js:114:3)\n    at Layer.handle [as handle_request] (E:\\projects\\grupOdev\\server\\node_modules\\express\\lib\\router\\layer.js:95:5)\n    at E:\\projects\\grupOdev\\server\\node_modules\\express\\lib\\router\\index.js:284:15\n    at Function.process_params (E:\\projects\\grupOdev\\server\\node_modules\\express\\lib\\router\\index.js:346:12)\n    at next (E:\\projects\\grupOdev\\server\\node_modules\\express\\lib\\router\\index.js:280:10)\n    at Function.handle (E:\\projects\\grupOdev\\server\\node_modules\\express\\lib\\router\\index.js:175:3)\n    at router (E:\\projects\\grupOdev\\server\\node_modules\\express\\lib\\router\\index.js:47:12)","level":"error","timestamp":"2022-12-24T16:04:56.649Z"}
{"level":"info","message":"App listening on url: http://localhost:8080","timestamp":"2022-12-24T16:06:09.740Z"}
{"level":"info","message":"Mongo Db connected.....","timestamp":"2022-12-24T16:06:09.754Z"}
{"message":"Cannot read properties of undefined (reading '0')","stack":"TypeError: Cannot read properties of undefined (reading '0')\n    at login (E:\\projects\\grupOdev\\server\\controllers\\authController.js:7:56)\n    at Layer.handle [as handle_request] (E:\\projects\\grupOdev\\server\\node_modules\\express\\lib\\router\\layer.js:95:5)\n    at next (E:\\projects\\grupOdev\\server\\node_modules\\express\\lib\\router\\route.js:144:13)\n    at Route.dispatch (E:\\projects\\grupOdev\\server\\node_modules\\express\\lib\\router\\route.js:114:3)\n    at Layer.handle [as handle_request] (E:\\projects\\grupOdev\\server\\node_modules\\express\\lib\\router\\layer.js:95:5)\n    at E:\\projects\\grupOdev\\server\\node_modules\\express\\lib\\router\\index.js:284:15\n    at Function.process_params (E:\\projects\\grupOdev\\server\\node_modules\\express\\lib\\router\\index.js:346:12)\n    at next (E:\\projects\\grupOdev\\server\\node_modules\\express\\lib\\router\\index.js:280:10)\n    at Function.handle (E:\\projects\\grupOdev\\server\\node_modules\\express\\lib\\router\\index.js:175:3)\n    at router (E:\\projects\\grupOdev\\server\\node_modules\\express\\lib\\router\\index.js:47:12)","level":"error","timestamp":"2022-12-24T16:06:14.161Z"}
{"level":"info","message":"App listening on url: http://localhost:8080","timestamp":"2022-12-24T16:06:33.351Z"}
{"level":"info","message":"Mongo Db connected.....","timestamp":"2022-12-24T16:06:33.364Z"}
{"message":"data and hash arguments required","stack":"Error: data and hash arguments required\n    at Object.compare (E:\\projects\\grupOdev\\server\\node_modules\\bcrypt\\bcrypt.js:208:17)\n    at E:\\projects\\grupOdev\\server\\node_modules\\bcrypt\\promises.js:29:12\n    at new Promise (<anonymous>)\n    at Object.module.exports.promise (E:\\projects\\grupOdev\\server\\node_modules\\bcrypt\\promises.js:20:12)\n    at Object.compare (E:\\projects\\grupOdev\\server\\node_modules\\bcrypt\\bcrypt.js:204:25)\n    at login (E:\\projects\\grupOdev\\server\\controllers\\authController.js:12:40)\n    at processTicksAndRejections (node:internal/process/task_queues:96:5)","level":"error","timestamp":"2022-12-24T16:06:34.168Z"}
{"level":"info","message":"App listening on url: http://localhost:8080","timestamp":"2022-12-24T16:07:15.149Z"}
{"level":"info","message":"Mongo Db connected.....","timestamp":"2022-12-24T16:07:15.165Z"}
{"level":"info","message":"App listening on url: http://localhost:8080","timestamp":"2022-12-24T16:10:50.697Z"}
{"level":"info","message":"Mongo Db connected.....","timestamp":"2022-12-24T16:10:50.711Z"}
{"message":"Cannot read properties of undefined (reading '0')","stack":"TypeError: Cannot read properties of undefined (reading '0')\n    at addBlog (E:\\projects\\grupOdev\\server\\controllers\\blogController.js:6:56)\n    at Layer.handle [as handle_request] (E:\\projects\\grupOdev\\server\\node_modules\\express\\lib\\router\\layer.js:95:5)\n    at next (E:\\projects\\grupOdev\\server\\node_modules\\express\\lib\\router\\route.js:144:13)\n    at module.exports (E:\\projects\\grupOdev\\server\\middleware\\auth.js:12:9)\n    at Layer.handle [as handle_request] (E:\\projects\\grupOdev\\server\\node_modules\\express\\lib\\router\\layer.js:95:5)\n    at next (E:\\projects\\grupOdev\\server\\node_modules\\express\\lib\\router\\route.js:144:13)\n    at Route.dispatch (E:\\projects\\grupOdev\\server\\node_modules\\express\\lib\\router\\route.js:114:3)\n    at Layer.handle [as handle_request] (E:\\projects\\grupOdev\\server\\node_modules\\express\\lib\\router\\layer.js:95:5)\n    at E:\\projects\\grupOdev\\server\\node_modules\\express\\lib\\router\\index.js:284:15\n    at Function.process_params (E:\\projects\\grupOdev\\server\\node_modules\\express\\lib\\router\\index.js:346:12)","level":"error","timestamp":"2022-12-24T16:10:53.861Z"}
{"level":"info","message":"App listening on url: http://localhost:8080","timestamp":"2022-12-24T16:11:49.419Z"}
{"level":"info","message":"Mongo Db connected.....","timestamp":"2022-12-24T16:11:49.433Z"}
{"message":"Cannot read properties of undefined (reading '0')","stack":"TypeError: Cannot read properties of undefined (reading '0')\n    at addBlog (E:\\projects\\grupOdev\\server\\controllers\\blogController.js:6:56)\n    at Layer.handle [as handle_request] (E:\\projects\\grupOdev\\server\\node_modules\\express\\lib\\router\\layer.js:95:5)\n    at next (E:\\projects\\grupOdev\\server\\node_modules\\express\\lib\\router\\route.js:144:13)\n    at module.exports (E:\\projects\\grupOdev\\server\\middleware\\auth.js:12:9)\n    at Layer.handle [as handle_request] (E:\\projects\\grupOdev\\server\\node_modules\\express\\lib\\router\\layer.js:95:5)\n    at next (E:\\projects\\grupOdev\\server\\node_modules\\express\\lib\\router\\route.js:144:13)\n    at Route.dispatch (E:\\projects\\grupOdev\\server\\node_modules\\express\\lib\\router\\route.js:114:3)\n    at Layer.handle [as handle_request] (E:\\projects\\grupOdev\\server\\node_modules\\express\\lib\\router\\layer.js:95:5)\n    at E:\\projects\\grupOdev\\server\\node_modules\\express\\lib\\router\\index.js:284:15\n    at Function.process_params (E:\\projects\\grupOdev\\server\\node_modules\\express\\lib\\router\\index.js:346:12)","level":"error","timestamp":"2022-12-24T16:11:55.386Z"}
{"level":"info","message":"App listening on url: http://localhost:8080","timestamp":"2022-12-24T16:13:31.287Z"}
{"level":"info","message":"Mongo Db connected.....","timestamp":"2022-12-24T16:13:31.301Z"}
{"message":"Cannot read properties of undefined (reading '0')","stack":"TypeError: Cannot read properties of undefined (reading '0')\n    at addBlog (E:\\projects\\grupOdev\\server\\controllers\\blogController.js:6:56)\n    at Layer.handle [as handle_request] (E:\\projects\\grupOdev\\server\\node_modules\\express\\lib\\router\\layer.js:95:5)\n    at next (E:\\projects\\grupOdev\\server\\node_modules\\express\\lib\\router\\route.js:144:13)\n    at module.exports (E:\\projects\\grupOdev\\server\\middleware\\auth.js:12:9)\n    at Layer.handle [as handle_request] (E:\\projects\\grupOdev\\server\\node_modules\\express\\lib\\router\\layer.js:95:5)\n    at next (E:\\projects\\grupOdev\\server\\node_modules\\express\\lib\\router\\route.js:144:13)\n    at Route.dispatch (E:\\projects\\grupOdev\\server\\node_modules\\express\\lib\\router\\route.js:114:3)\n    at Layer.handle [as handle_request] (E:\\projects\\grupOdev\\server\\node_modules\\express\\lib\\router\\layer.js:95:5)\n    at E:\\projects\\grupOdev\\server\\node_modules\\express\\lib\\router\\index.js:284:15\n    at Function.process_params (E:\\projects\\grupOdev\\server\\node_modules\\express\\lib\\router\\index.js:346:12)","level":"error","timestamp":"2022-12-24T16:13:38.160Z"}
{"level":"info","message":"App listening on url: http://localhost:8080","timestamp":"2022-12-24T16:13:49.074Z"}
{"level":"info","message":"Mongo Db connected.....","timestamp":"2022-12-24T16:13:49.087Z"}
{"message":"Cannot read properties of undefined (reading '0')","stack":"TypeError: Cannot read properties of undefined (reading '0')\n    at addBlog (E:\\projects\\grupOdev\\server\\controllers\\blogController.js:6:56)\n    at Layer.handle [as handle_request] (E:\\projects\\grupOdev\\server\\node_modules\\express\\lib\\router\\layer.js:95:5)\n    at next (E:\\projects\\grupOdev\\server\\node_modules\\express\\lib\\router\\route.js:144:13)\n    at module.exports (E:\\projects\\grupOdev\\server\\middleware\\auth.js:12:9)\n    at Layer.handle [as handle_request] (E:\\projects\\grupOdev\\server\\node_modules\\express\\lib\\router\\layer.js:95:5)\n    at next (E:\\projects\\grupOdev\\server\\node_modules\\express\\lib\\router\\route.js:144:13)\n    at Route.dispatch (E:\\projects\\grupOdev\\server\\node_modules\\express\\lib\\router\\route.js:114:3)\n    at Layer.handle [as handle_request] (E:\\projects\\grupOdev\\server\\node_modules\\express\\lib\\router\\layer.js:95:5)\n    at E:\\projects\\grupOdev\\server\\node_modules\\express\\lib\\router\\index.js:284:15\n    at Function.process_params (E:\\projects\\grupOdev\\server\\node_modules\\express\\lib\\router\\index.js:346:12)","level":"error","timestamp":"2022-12-24T16:13:51.005Z"}
{"level":"info","message":"App listening on url: http://localhost:8080","timestamp":"2022-12-24T16:22:52.156Z"}
{"level":"info","message":"Mongo Db connected.....","timestamp":"2022-12-24T16:22:52.171Z"}
{"level":"info","message":"App listening on url: http://localhost:8080","timestamp":"2022-12-24T16:24:39.601Z"}
{"level":"info","message":"Mongo Db connected.....","timestamp":"2022-12-24T16:24:39.616Z"}
{"level":"info","message":"App listening on url: http://localhost:8080","timestamp":"2022-12-24T16:25:48.917Z"}
{"level":"info","message":"Mongo Db connected.....","timestamp":"2022-12-24T16:25:48.942Z"}
{"level":"info","message":"App listening on url: http://localhost:8080","timestamp":"2022-12-24T16:26:48.708Z"}
{"level":"info","message":"Mongo Db connected.....","timestamp":"2022-12-24T16:26:48.723Z"}
{"level":"info","message":"App listening on url: http://localhost:8080","timestamp":"2022-12-24T16:27:22.601Z"}
{"level":"info","message":"Mongo Db connected.....","timestamp":"2022-12-24T16:27:22.616Z"}
{"level":"info","message":"App listening on url: http://localhost:8080","timestamp":"2022-12-24T16:27:44.955Z"}
{"level":"info","message":"Mongo Db connected.....","timestamp":"2022-12-24T16:27:44.969Z"}
{"level":"info","message":"App listening on url: http://localhost:8080","timestamp":"2022-12-24T16:28:54.530Z"}
{"level":"info","message":"Mongo Db connected.....","timestamp":"2022-12-24T16:28:54.543Z"}
{"message":"Blog validation failed: constent: Path `constent` is required.","stack":"ValidationError: Blog validation failed: constent: Path `constent` is required.\n    at model.Document.invalidate (E:\\projects\\grupOdev\\server\\node_modules\\mongoose\\lib\\document.js:3123:32)\n    at E:\\projects\\grupOdev\\server\\node_modules\\mongoose\\lib\\document.js:2911:17\n    at E:\\projects\\grupOdev\\server\\node_modules\\mongoose\\lib\\schematype.js:1349:9\n    at processTicksAndRejections (node:internal/process/task_queues:78:11)","errors":{"constent":{"name":"ValidatorError","message":"Path `constent` is required.","properties":{"message":"Path `constent` is required.","type":"required","path":"constent"},"kind":"required","path":"constent"}},"_message":"Blog validation failed","level":"error","timestamp":"2022-12-24T16:30:55.018Z"}
{"level":"info","message":"App listening on url: http://localhost:8080","timestamp":"2022-12-24T16:31:54.192Z"}
{"level":"info","message":"Mongo Db connected.....","timestamp":"2022-12-24T16:31:54.206Z"}
{"level":"info","message":"App listening on url: http://localhost:8080","timestamp":"2022-12-24T16:36:20.898Z"}
{"level":"info","message":"Mongo Db connected.....","timestamp":"2022-12-24T16:36:20.912Z"}
{"level":"info","message":"App listening on url: http://localhost:8080","timestamp":"2022-12-24T16:57:43.863Z"}
{"level":"info","message":"Mongo Db connected.....","timestamp":"2022-12-24T16:57:43.880Z"}
{"level":"info","message":"App listening on url: http://localhost:8080","timestamp":"2022-12-24T17:03:41.973Z"}
{"level":"info","message":"Mongo Db connected.....","timestamp":"2022-12-24T17:03:41.987Z"}
{"level":"info","message":"App listening on url: http://localhost:8080","timestamp":"2022-12-24T17:39:35.352Z"}
{"level":"info","message":"Mongo Db connected.....","timestamp":"2022-12-24T17:39:35.367Z"}
{"level":"info","message":"App listening on url: http://localhost:8080","timestamp":"2022-12-24T17:39:37.363Z"}
{"level":"info","message":"Mongo Db connected.....","timestamp":"2022-12-24T17:39:37.378Z"}
{"message":"Cast to ObjectId failed for value \"63a729f0d242f87a4538be3\" (type string) at path \"_id\" for model \"Blog\"","stack":"CastError: Cast to ObjectId failed for value \"63a729f0d242f87a4538be3\" (type string) at path \"_id\" for model \"Blog\"\n    at model.Query.exec (E:\\projects\\grupOdev\\server\\node_modules\\mongoose\\lib\\query.js:4913:21)\n    at model.Query.Query.then (E:\\projects\\grupOdev\\server\\node_modules\\mongoose\\lib\\query.js:5012:15)\n    at processTicksAndRejections (node:internal/process/task_queues:96:5)","stringValue":"\"63a729f0d242f87a4538be3\"","kind":"ObjectId","value":"63a729f0d242f87a4538be3","path":"_id","reason":{},"valueType":"string","level":"error","timestamp":"2022-12-24T17:42:47.720Z"}
{"level":"info","message":"App listening on url: http://localhost:8080","timestamp":"2022-12-24T17:44:07.688Z"}
{"level":"info","message":"Mongo Db connected.....","timestamp":"2022-12-24T17:44:07.703Z"}
{"level":"info","message":"App listening on url: http://localhost:8080","timestamp":"2022-12-24T17:56:08.380Z"}
{"level":"info","message":"Mongo Db connected.....","timestamp":"2022-12-24T17:56:08.396Z"}
{"level":"info","message":"App listening on url: http://localhost:8080","timestamp":"2022-12-24T17:59:59.995Z"}
{"level":"info","message":"Mongo Db connected.....","timestamp":"2022-12-24T18:00:00.010Z"}
{"message":"Cannot read properties of undefined (reading '0')","stack":"TypeError: Cannot read properties of undefined (reading '0')\n    at addUser (E:\\projects\\grupOdev\\server\\controllers\\userController.js:7:56)\n    at Layer.handle [as handle_request] (E:\\projects\\grupOdev\\server\\node_modules\\express\\lib\\router\\layer.js:95:5)\n    at next (E:\\projects\\grupOdev\\server\\node_modules\\express\\lib\\router\\route.js:144:13)\n    at Route.dispatch (E:\\projects\\grupOdev\\server\\node_modules\\express\\lib\\router\\route.js:114:3)\n    at Layer.handle [as handle_request] (E:\\projects\\grupOdev\\server\\node_modules\\express\\lib\\router\\layer.js:95:5)\n    at E:\\projects\\grupOdev\\server\\node_modules\\express\\lib\\router\\index.js:284:15\n    at Function.process_params (E:\\projects\\grupOdev\\server\\node_modules\\express\\lib\\router\\index.js:346:12)\n    at next (E:\\projects\\grupOdev\\server\\node_modules\\express\\lib\\router\\index.js:280:10)\n    at Function.handle (E:\\projects\\grupOdev\\server\\node_modules\\express\\lib\\router\\index.js:175:3)\n    at router (E:\\projects\\grupOdev\\server\\node_modules\\express\\lib\\router\\index.js:47:12)","level":"error","timestamp":"2022-12-24T18:00:07.328Z"}
{"level":"info","message":"App listening on url: http://localhost:8080","timestamp":"2022-12-24T18:00:19.557Z"}
{"level":"info","message":"Mongo Db connected.....","timestamp":"2022-12-24T18:00:19.571Z"}
{"message":"User validation failed: userType: Path `userType` is required., gender: Path `gender` is required., username: Path `username` is required.","stack":"ValidationError: User validation failed: userType: Path `userType` is required., gender: Path `gender` is required., username: Path `username` is required.\n    at model.Document.invalidate (E:\\projects\\grupOdev\\server\\node_modules\\mongoose\\lib\\document.js:3123:32)\n    at E:\\projects\\grupOdev\\server\\node_modules\\mongoose\\lib\\document.js:2911:17\n    at E:\\projects\\grupOdev\\server\\node_modules\\mongoose\\lib\\schematype.js:1349:9\n    at processTicksAndRejections (node:internal/process/task_queues:78:11)","errors":{"userType":{"name":"ValidatorError","message":"Path `userType` is required.","properties":{"message":"Path `userType` is required.","type":"required","path":"userType"},"kind":"required","path":"userType"},"gender":{"name":"ValidatorError","message":"Path `gender` is required.","properties":{"message":"Path `gender` is required.","type":"required","path":"gender"},"kind":"required","path":"gender"},"username":{"name":"ValidatorError","message":"Path `username` is required.","properties":{"message":"Path `username` is required.","type":"required","path":"username"},"kind":"required","path":"username"}},"_message":"User validation failed","level":"error","timestamp":"2022-12-24T18:00:42.219Z"}
{"level":"info","message":"App listening on url: http://localhost:8080","timestamp":"2022-12-24T18:02:17.884Z"}
{"level":"info","message":"Mongo Db connected.....","timestamp":"2022-12-24T18:02:17.899Z"}
{"level":"info","message":"App listening on url: http://localhost:8080","timestamp":"2022-12-24T18:03:20.009Z"}
{"level":"info","message":"Mongo Db connected.....","timestamp":"2022-12-24T18:03:20.024Z"}
{"message":"User validation failed: userType: Path `userType` is required., gender: Path `gender` is required., username: Path `username` is required.","stack":"ValidationError: User validation failed: userType: Path `userType` is required., gender: Path `gender` is required., username: Path `username` is required.\n    at model.Document.invalidate (E:\\projects\\grupOdev\\server\\node_modules\\mongoose\\lib\\document.js:3123:32)\n    at E:\\projects\\grupOdev\\server\\node_modules\\mongoose\\lib\\document.js:2911:17\n    at E:\\projects\\grupOdev\\server\\node_modules\\mongoose\\lib\\schematype.js:1349:9\n    at processTicksAndRejections (node:internal/process/task_queues:78:11)","errors":{"userType":{"name":"ValidatorError","message":"Path `userType` is required.","properties":{"message":"Path `userType` is required.","type":"required","path":"userType"},"kind":"required","path":"userType"},"gender":{"name":"ValidatorError","message":"Path `gender` is required.","properties":{"message":"Path `gender` is required.","type":"required","path":"gender"},"kind":"required","path":"gender"},"username":{"name":"ValidatorError","message":"Path `username` is required.","properties":{"message":"Path `username` is required.","type":"required","path":"username"},"kind":"required","path":"username"}},"_message":"User validation failed","level":"error","timestamp":"2022-12-24T18:03:52.896Z"}
{"level":"info","message":"App listening on url: http://localhost:8080","timestamp":"2022-12-24T18:04:57.225Z"}
{"level":"info","message":"Mongo Db connected.....","timestamp":"2022-12-24T18:04:57.239Z"}
{"message":"User validation failed: userType: Path `userType` is required., gender: Path `gender` is required., username: Path `username` is required.","stack":"ValidationError: User validation failed: userType: Path `userType` is required., gender: Path `gender` is required., username: Path `username` is required.\n    at model.Document.invalidate (E:\\projects\\grupOdev\\server\\node_modules\\mongoose\\lib\\document.js:3123:32)\n    at E:\\projects\\grupOdev\\server\\node_modules\\mongoose\\lib\\document.js:2911:17\n    at E:\\projects\\grupOdev\\server\\node_modules\\mongoose\\lib\\schematype.js:1349:9\n    at processTicksAndRejections (node:internal/process/task_queues:78:11)","errors":{"userType":{"name":"ValidatorError","message":"Path `userType` is required.","properties":{"message":"Path `userType` is required.","type":"required","path":"userType"},"kind":"required","path":"userType"},"gender":{"name":"ValidatorError","message":"Path `gender` is required.","properties":{"message":"Path `gender` is required.","type":"required","path":"gender"},"kind":"required","path":"gender"},"username":{"name":"ValidatorError","message":"Path `username` is required.","properties":{"message":"Path `username` is required.","type":"required","path":"username"},"kind":"required","path":"username"}},"_message":"User validation failed","level":"error","timestamp":"2022-12-24T18:05:02.254Z"}
{"level":"info","message":"App listening on url: http://localhost:8080","timestamp":"2022-12-24T18:06:18.895Z"}
{"level":"info","message":"Mongo Db connected.....","timestamp":"2022-12-24T18:06:18.912Z"}
{"level":"info","message":"App listening on url: http://localhost:8080","timestamp":"2022-12-24T18:06:20.753Z"}
{"level":"info","message":"Mongo Db connected.....","timestamp":"2022-12-24T18:06:20.766Z"}
{"message":"User validation failed: userType: Path `userType` is required., gender: Path `gender` is required., username: Path `username` is required.","stack":"ValidationError: User validation failed: userType: Path `userType` is required., gender: Path `gender` is required., username: Path `username` is required.\n    at model.Document.invalidate (E:\\projects\\grupOdev\\server\\node_modules\\mongoose\\lib\\document.js:3123:32)\n    at E:\\projects\\grupOdev\\server\\node_modules\\mongoose\\lib\\document.js:2911:17\n    at E:\\projects\\grupOdev\\server\\node_modules\\mongoose\\lib\\schematype.js:1349:9\n    at processTicksAndRejections (node:internal/process/task_queues:78:11)","errors":{"userType":{"name":"ValidatorError","message":"Path `userType` is required.","properties":{"message":"Path `userType` is required.","type":"required","path":"userType"},"kind":"required","path":"userType"},"gender":{"name":"ValidatorError","message":"Path `gender` is required.","properties":{"message":"Path `gender` is required.","type":"required","path":"gender"},"kind":"required","path":"gender"},"username":{"name":"ValidatorError","message":"Path `username` is required.","properties":{"message":"Path `username` is required.","type":"required","path":"username"},"kind":"required","path":"username"}},"_message":"User validation failed","level":"error","timestamp":"2022-12-24T18:06:27.230Z"}
{"level":"info","message":"App listening on url: http://localhost:8080","timestamp":"2022-12-24T18:07:21.539Z"}
{"level":"info","message":"Mongo Db connected.....","timestamp":"2022-12-24T18:07:21.553Z"}
{"level":"info","message":"App listening on url: http://localhost:8080","timestamp":"2022-12-24T18:31:35.636Z"}
{"level":"info","message":"Mongo Db connected.....","timestamp":"2022-12-24T18:31:35.652Z"}
{"message":"Cannot read properties of undefined (reading '0')","stack":"TypeError: Cannot read properties of undefined (reading '0')\n    at login (E:\\projects\\grupOdev\\server\\controllers\\authController.js:7:56)\n    at Layer.handle [as handle_request] (E:\\projects\\grupOdev\\server\\node_modules\\express\\lib\\router\\layer.js:95:5)\n    at next (E:\\projects\\grupOdev\\server\\node_modules\\express\\lib\\router\\route.js:144:13)\n    at Route.dispatch (E:\\projects\\grupOdev\\server\\node_modules\\express\\lib\\router\\route.js:114:3)\n    at Layer.handle [as handle_request] (E:\\projects\\grupOdev\\server\\node_modules\\express\\lib\\router\\layer.js:95:5)\n    at E:\\projects\\grupOdev\\server\\node_modules\\express\\lib\\router\\index.js:284:15\n    at Function.process_params (E:\\projects\\grupOdev\\server\\node_modules\\express\\lib\\router\\index.js:346:12)\n    at next (E:\\projects\\grupOdev\\server\\node_modules\\express\\lib\\router\\index.js:280:10)\n    at Function.handle (E:\\projects\\grupOdev\\server\\node_modules\\express\\lib\\router\\index.js:175:3)\n    at router (E:\\projects\\grupOdev\\server\\node_modules\\express\\lib\\router\\index.js:47:12)","level":"error","timestamp":"2022-12-24T18:37:45.340Z"}
{"level":"info","message":"App listening on url: http://localhost:8080","timestamp":"2022-12-24T18:38:29.944Z"}
{"level":"info","message":"Mongo Db connected.....","timestamp":"2022-12-24T18:38:29.959Z"}
{"level":"info","message":"App listening on url: http://localhost:8080","timestamp":"2022-12-24T18:38:40.491Z"}
{"level":"info","message":"Mongo Db connected.....","timestamp":"2022-12-24T18:38:40.507Z"}
{"level":"info","message":"App listening on url: http://localhost:8080","timestamp":"2022-12-24T18:44:05.578Z"}
{"level":"info","message":"Mongo Db connected.....","timestamp":"2022-12-24T18:44:05.593Z"}
{"level":"info","message":"App listening on url: http://localhost:8080","timestamp":"2022-12-24T18:45:25.695Z"}
{"level":"info","message":"Mongo Db connected.....","timestamp":"2022-12-24T18:45:25.709Z"}
{"level":"info","message":"App listening on url: http://localhost:8080","timestamp":"2022-12-24T19:44:32.608Z"}
{"level":"info","message":"Mongo Db connected.....","timestamp":"2022-12-24T19:44:32.633Z"}
{"level":"info","message":"App listening on url: http://localhost:8080","timestamp":"2022-12-24T19:46:50.096Z"}
{"level":"info","message":"Mongo Db connected.....","timestamp":"2022-12-24T19:46:50.117Z"}
{"level":"info","message":"App listening on url: http://localhost:8080","timestamp":"2022-12-24T19:48:37.488Z"}
{"level":"info","message":"Mongo Db connected.....","timestamp":"2022-12-24T19:48:37.510Z"}
{"level":"info","message":"App listening on url: http://localhost:8080","timestamp":"2022-12-24T19:50:27.565Z"}
{"level":"info","message":"Mongo Db connected.....","timestamp":"2022-12-24T19:50:27.584Z"}
{"level":"info","message":"App listening on url: http://localhost:8080","timestamp":"2022-12-24T21:46:14.892Z"}
{"level":"info","message":"Mongo Db connected.....","timestamp":"2022-12-24T21:46:14.909Z"}
{"level":"info","message":"App listening on url: http://localhost:8080","timestamp":"2022-12-24T21:47:52.475Z"}
{"level":"info","message":"Mongo Db connected.....","timestamp":"2022-12-24T21:47:52.491Z"}
{"level":"info","message":"App listening on url: http://localhost:8080","timestamp":"2022-12-24T21:48:38.339Z"}
{"level":"info","message":"Mongo Db connected.....","timestamp":"2022-12-24T21:48:38.353Z"}
{"level":"info","message":"App listening on url: http://localhost:8080","timestamp":"2022-12-25T08:49:48.782Z"}
{"level":"info","message":"Mongo Db connected.....","timestamp":"2022-12-25T08:49:48.806Z"}
{"level":"info","message":"App listening on url: http://localhost:8080","timestamp":"2022-12-25T08:56:21.521Z"}
{"level":"info","message":"Mongo Db connected.....","timestamp":"2022-12-25T08:56:21.542Z"}
{"level":"info","message":"App listening on url: http://localhost:8080","timestamp":"2022-12-25T08:57:17.438Z"}
{"level":"info","message":"Mongo Db connected.....","timestamp":"2022-12-25T08:57:17.461Z"}
{"level":"info","message":"App listening on url: http://localhost:8080","timestamp":"2022-12-25T09:06:02.468Z"}
{"level":"info","message":"Mongo Db connected.....","timestamp":"2022-12-25T09:06:02.489Z"}
{"level":"info","message":"App listening on url: http://localhost:8080","timestamp":"2022-12-25T09:19:38.899Z"}
{"level":"info","message":"Mongo Db connected.....","timestamp":"2022-12-25T09:19:38.924Z"}
{"level":"info","message":"App listening on url: http://localhost:8080","timestamp":"2022-12-25T09:25:43.599Z"}
{"level":"info","message":"Mongo Db connected.....","timestamp":"2022-12-25T09:25:43.628Z"}
{"level":"info","message":"App listening on url: http://localhost:8080","timestamp":"2022-12-25T11:16:26.592Z"}
{"level":"info","message":"Mongo Db connected.....","timestamp":"2022-12-25T11:16:26.620Z"}
{"level":"info","message":"App listening on url: http://localhost:8080","timestamp":"2022-12-25T11:55:02.431Z"}
{"level":"info","message":"Mongo Db connected.....","timestamp":"2022-12-25T11:55:02.445Z"}
{"level":"info","message":"App listening on url: http://localhost:8080","timestamp":"2022-12-25T12:17:05.460Z"}
{"level":"info","message":"Mongo Db connected.....","timestamp":"2022-12-25T12:17:05.475Z"}
{"level":"info","message":"App listening on url: http://localhost:8080","timestamp":"2022-12-25T12:22:49.083Z"}
{"level":"info","message":"Mongo Db connected.....","timestamp":"2022-12-25T12:22:49.099Z"}
{"level":"info","message":"App listening on url: http://localhost:8080","timestamp":"2022-12-25T12:29:16.453Z"}
{"level":"info","message":"Mongo Db connected.....","timestamp":"2022-12-25T12:29:16.468Z"}
{"message":"blog is not defined","stack":"ReferenceError: blog is not defined\n    at updateUser (E:\\projects\\grupOdev\\server\\controllers\\userController.js:30:5)\n    at processTicksAndRejections (node:internal/process/task_queues:96:5)","level":"error","timestamp":"2022-12-25T12:35:27.049Z"}
{"level":"info","message":"App listening on url: http://localhost:8080","timestamp":"2022-12-25T12:36:38.994Z"}
{"level":"info","message":"Mongo Db connected.....","timestamp":"2022-12-25T12:36:39.009Z"}
{"level":"info","message":"App listening on url: http://localhost:8080","timestamp":"2022-12-25T12:40:26.527Z"}
{"level":"info","message":"Mongo Db connected.....","timestamp":"2022-12-25T12:40:26.542Z"}
{"level":"info","message":"App listening on url: http://localhost:8080","timestamp":"2022-12-25T13:02:33.076Z"}
{"level":"info","message":"Mongo Db connected.....","timestamp":"2022-12-25T13:02:33.094Z"}
{"level":"info","message":"App listening on url: http://localhost:8080","timestamp":"2022-12-25T13:03:01.378Z"}
{"level":"info","message":"Mongo Db connected.....","timestamp":"2022-12-25T13:03:01.392Z"}
{"message":"Cannot read properties of null (reading 'email')","stack":"TypeError: Cannot read properties of null (reading 'email')\n    at sendPasswordEmail (E:\\projects\\grupOdev\\server\\controllers\\mailController.js:29:19)\n    at processTicksAndRejections (node:internal/process/task_queues:96:5)","level":"error","timestamp":"2022-12-25T13:03:03.488Z"}
{"level":"info","message":"App listening on url: http://localhost:8080","timestamp":"2022-12-25T13:03:21.435Z"}
{"level":"info","message":"Mongo Db connected.....","timestamp":"2022-12-25T13:03:21.449Z"}
{"message":"Cannot read properties of null (reading 'email')","stack":"TypeError: Cannot read properties of null (reading 'email')\n    at sendPasswordEmail (E:\\projects\\grupOdev\\server\\controllers\\mailController.js:29:19)\n    at processTicksAndRejections (node:internal/process/task_queues:96:5)","level":"error","timestamp":"2022-12-25T13:03:32.235Z"}
{"level":"info","message":"App listening on url: http://localhost:8080","timestamp":"2022-12-25T13:05:16.317Z"}
{"level":"info","message":"Mongo Db connected.....","timestamp":"2022-12-25T13:05:16.332Z"}
{"message":"Cannot read properties of null (reading 'email')","stack":"TypeError: Cannot read properties of null (reading 'email')\n    at sendPasswordEmail (E:\\projects\\grupOdev\\server\\controllers\\mailController.js:29:19)\n    at processTicksAndRejections (node:internal/process/task_queues:96:5)","level":"error","timestamp":"2022-12-25T13:05:19.187Z"}
{"level":"info","message":"App listening on url: http://localhost:8080","timestamp":"2022-12-25T13:07:11.020Z"}
{"level":"info","message":"Mongo Db connected.....","timestamp":"2022-12-25T13:07:11.037Z"}
{"level":"info","message":"App listening on url: http://localhost:8080","timestamp":"2022-12-25T13:13:49.704Z"}
{"level":"info","message":"Mongo Db connected.....","timestamp":"2022-12-25T13:13:49.717Z"}
{"level":"info","message":"App listening on url: http://localhost:8080","timestamp":"2022-12-25T13:21:28.891Z"}
{"level":"info","message":"Mongo Db connected.....","timestamp":"2022-12-25T13:21:28.904Z"}
{"message":"data and salt arguments required","stack":"Error: data and salt arguments required\n    at Object.hash (E:\\projects\\grupOdev\\server\\node_modules\\bcrypt\\bcrypt.js:137:17)\n    at E:\\projects\\grupOdev\\server\\node_modules\\bcrypt\\promises.js:29:12\n    at new Promise (<anonymous>)\n    at Object.module.exports.promise (E:\\projects\\grupOdev\\server\\node_modules\\bcrypt\\promises.js:20:12)\n    at Object.hash (E:\\projects\\grupOdev\\server\\node_modules\\bcrypt\\bcrypt.js:133:25)\n    at sendPasswordEmail (E:\\projects\\grupOdev\\server\\controllers\\mailController.js:39:44)","level":"error","timestamp":"2022-12-25T13:21:37.899Z"}
{"level":"info","message":"App listening on url: http://localhost:8080","timestamp":"2022-12-25T13:22:32.453Z"}
{"level":"info","message":"Mongo Db connected.....","timestamp":"2022-12-25T13:22:32.467Z"}
{"level":"info","message":"App listening on url: http://localhost:8080","timestamp":"2022-12-25T13:24:18.063Z"}
{"level":"info","message":"Mongo Db connected.....","timestamp":"2022-12-25T13:24:18.078Z"}
{"level":"info","message":"App listening on url: http://localhost:8080","timestamp":"2022-12-25T13:24:53.060Z"}
{"level":"info","message":"Mongo Db connected.....","timestamp":"2022-12-25T13:24:53.073Z"}
{"level":"info","message":"App listening on url: http://localhost:8080","timestamp":"2022-12-25T13:24:59.361Z"}
{"level":"info","message":"Mongo Db connected.....","timestamp":"2022-12-25T13:24:59.376Z"}
